2023-01-08 19:07:37,865: trying to read localfile
2023-01-08 19:07:37,865: we are making a HTTP request
2023-01-08 19:07:40,171: file content written successfully 

2023-01-08 19:07:40,272: 24031 Mustang Run Dr
2023-01-08 19:07:40,272: $2,000
2023-01-08 19:07:40,273: 4 Bedrooms
2023-01-08 19:07:40,273: 24031 Mustang Run Dr, Hockley, TX 77447
2023-01-08 19:07:40,273: Single family house in Hockley
2023-01-08 19:07:40,274: ###############################################################################################
2023-01-08 19:07:40,274: 18722 Charter Elm Dr
2023-01-08 19:07:40,274: $1,845
2023-01-08 19:07:40,275: 4 Bedrooms
2023-01-08 19:07:40,275: 18722 Charter Elm Dr, Hockley, TX 77447
2023-01-08 19:07:40,275: Single family house in Hockley
2023-01-08 19:07:40,275: ###############################################################################################
2023-01-08 19:07:40,276: 31102 White Cypress Ln
2023-01-08 19:07:40,276: $3,700
2023-01-08 19:07:40,276: 5 Bedrooms
2023-01-08 19:07:40,277: 31102 White Cypress Ln, Hockley, TX 77447
2023-01-08 19:07:40,277: Single family house in Hockley
2023-01-08 19:07:40,277: ###############################################################################################
2023-01-08 19:07:40,277: 21002 Capulin Lakes Dr
2023-01-08 19:07:40,278: $2,600
2023-01-08 19:07:40,278: 5 Bedrooms
2023-01-08 19:07:40,278: 21002 Capulin Lakes Dr, Hockley, TX 77447
2023-01-08 19:07:40,279: Single family house in Hockley
2023-01-08 19:07:40,279: ###############################################################################################
2023-01-08 19:07:40,279: 21330 FM 2920 Rd
2023-01-08 19:07:40,279: $1,800
2023-01-08 19:07:40,280: 2 Bedrooms
2023-01-08 19:07:40,280: 21330 FM 2920 Rd, Hockley, TX 77447
2023-01-08 19:07:40,280: Single family house in Hockley
2023-01-08 19:07:40,280: ###############################################################################################
2023-01-08 19:07:40,281: 28631 Mahon Rd
2023-01-08 19:07:40,281: $3,400
2023-01-08 19:07:40,281: 4 Bedrooms
2023-01-08 19:07:40,282: 28631 Mahon Rd, Hockley, TX 77447
2023-01-08 19:07:40,282: Single family house in Hockley
2023-01-08 19:07:40,282: ###############################################################################################
2023-01-08 19:07:40,282: 24018 Hay Needle Ln
2023-01-08 19:07:40,283: $2,450
2023-01-08 19:07:40,284: 4 Bedrooms
2023-01-08 19:07:40,284: 24018 Hay Needle Ln, Hockley, TX 77447
2023-01-08 19:07:40,286: Single family house in Hockley
2023-01-08 19:07:40,286: ###############################################################################################
2023-01-08 19:07:40,286: 17503 Wagganner Dr
2023-01-08 19:07:40,287: $1,497
2023-01-08 19:07:40,287: 3 Bedrooms
2023-01-08 19:07:40,287: 17503 Wagganner Dr, Hockley, TX 77447
2023-01-08 19:07:40,288: Single family house in Hockley
2023-01-08 19:07:40,288: ###############################################################################################
2023-01-08 19:07:40,288: 18439 Cobalt Cove Ln
2023-01-08 19:07:40,288: $1,750
2023-01-08 19:07:40,289: 3 Bedrooms
2023-01-08 19:07:40,289: 18439 Cobalt Cove Ln, Hockley, TX 77447
2023-01-08 19:07:40,289: Single family house in Hockley
2023-01-08 19:07:40,289: ###############################################################################################
2023-01-08 19:07:40,290: 24023 Mustang Run Dr
2023-01-08 19:07:40,290: $2,025
2023-01-08 19:07:40,291: 4 Bedrooms
2023-01-08 19:07:40,291: 24023 Mustang Run Dr, Hockley, TX 77447
2023-01-08 19:07:40,292: Single family house in Hockley
2023-01-08 19:07:40,292: ###############################################################################################
2023-01-08 19:07:40,292: 18723 Jasper Ridge Dr
2023-01-08 19:07:40,293: $2,025
2023-01-08 19:07:40,293: 4 Bedrooms
2023-01-08 19:07:40,293: 18723 Jasper Ridge Dr, Hockley, TX 77447
2023-01-08 19:07:40,294: Single family house in Hockley
2023-01-08 19:07:40,294: ###############################################################################################
2023-01-08 19:07:40,294: 18723 Charter Elm Dr
2023-01-08 19:07:40,294: $2,025
2023-01-08 19:07:40,295: 4 Bedrooms
2023-01-08 19:07:40,295: 18723 Charter Elm Dr, Hockley, TX 77447
2023-01-08 19:07:40,295: Single family house in Hockley
2023-01-08 19:07:40,295: ###############################################################################################
2023-01-08 19:07:40,296: 18719 Charter Elm Dr
2023-01-08 19:07:40,296: $2,045
2023-01-08 19:07:40,296: 4 Bedrooms
2023-01-08 19:07:40,297: 18719 Charter Elm Dr, Hockley, TX 77447
2023-01-08 19:07:40,297: Single family house in Hockley
2023-01-08 19:07:40,297: ###############################################################################################
2023-01-08 19:07:40,297: 18815 Jasper Ridge Dr
2023-01-08 19:07:40,298: $2,025
2023-01-08 19:07:40,298: 4 Bedrooms
2023-01-08 19:07:40,298: 18815 Jasper Ridge Dr, Hockley, TX 77447
2023-01-08 19:07:40,299: Single family house in Hockley
2023-01-08 19:07:40,300: ###############################################################################################
2023-01-08 19:07:40,300: 24139 Sundown View Ln
2023-01-08 19:07:40,301: $1,925
2023-01-08 19:07:40,301: 4 Bedrooms
2023-01-08 19:07:40,301: 24139 Sundown View Ln, Hockley, TX 77447
2023-01-08 19:07:40,302: Single family house in Hockley
2023-01-08 19:07:40,302: ###############################################################################################
2023-01-08 19:07:40,302: 24130 Sundown View Ln
2023-01-08 19:07:40,302: $2,145
2023-01-08 19:07:40,303: 4 Bedrooms
2023-01-08 19:07:40,303: 24130 Sundown View Ln, Hockley, TX 77447
2023-01-08 19:07:40,304: Single family house in Hockley
2023-01-08 19:07:40,304: ###############################################################################################
2023-01-08 19:07:40,304: 24146 Laurel Farms Dr
2023-01-08 19:07:40,304: $2,025
2023-01-08 19:07:40,305: 4 Bedrooms
2023-01-08 19:07:40,305: 24146 Laurel Farms Dr, Hockley, TX 77447
2023-01-08 19:07:40,306: Single family house in Hockley
2023-01-08 19:07:40,306: ###############################################################################################
2023-01-08 19:07:40,306: 18739 Jasper Ridge Dr
2023-01-08 19:07:40,307: $1,995
2023-01-08 19:07:40,307: 4 Bedrooms
2023-01-08 19:07:40,307: 18739 Jasper Ridge Dr, Hockley, TX 77447
2023-01-08 19:07:40,308: Single family house in Hockley
2023-01-08 19:07:40,308: ###############################################################################################
2023-01-08 19:07:40,308: 18811 Jasper Ridge Dr
2023-01-08 19:07:40,308: $2,145
2023-01-08 19:07:40,309: 4 Bedrooms
2023-01-08 19:07:40,309: 18811 Jasper Ridge Dr, Hockley, TX 77447
2023-01-08 19:07:40,309: Single family house in Hockley
2023-01-08 19:07:40,309: ###############################################################################################
2023-01-08 19:07:40,310: 18915 Jasper Ridge Dr
2023-01-08 19:07:40,310: $1,995
2023-01-08 19:07:40,310: 4 Bedrooms
2023-01-08 19:07:40,311: 18915 Jasper Ridge Dr, Hockley, TX 77447
2023-01-08 19:07:40,311: Single family house in Hockley
2023-01-08 19:07:40,311: ###############################################################################################
