2023-01-09 20:28:12,210: trying to read localfile
2023-01-09 20:28:12,212: Local file is available ################## 

2023-01-09 20:28:12,823: 
$1,995
                                    

2023-01-09 20:28:12,825: 4bed
                                    
2023-01-09 20:28:12,825: 2.5bath
                                    
2023-01-09 20:28:12,826: PetsOK
2023-01-09 20:28:12,827: 

18915 Jasper Ridge
                                                Dr
                                            
Hockley, TX 77447
                                            


2023-01-09 20:28:12,828: 
                                        For Rent - House
                                    
2023-01-09 20:28:12,828: ###############################################################################################
2023-01-09 20:28:12,828: 
$1,795
                                    

2023-01-09 20:28:12,829: 4bed
                                    
2023-01-09 20:28:12,829: 2.5bath
                                    
2023-01-09 20:28:12,830: 1,559sqft
2023-01-09 20:28:12,831: 

24114 Lazy Kay Ln
                                            
Hockley, TX 77447
                                            


2023-01-09 20:28:12,831: 
                                        For Rent - House
                                    
2023-01-09 20:28:12,832: ###############################################################################################
2023-01-09 20:28:12,832: 
$1,745
                                    

2023-01-09 20:28:12,833: 3bed
                                    
2023-01-09 20:28:12,833: 2bath
                                    
2023-01-09 20:28:12,834: PetsOK
2023-01-09 20:28:12,834: 

24138 Sundown View
                                                Ln
                                            
Hockley, TX 77447
                                            


2023-01-09 20:28:12,835: 
                                        For Rent - House
                                    
2023-01-09 20:28:12,835: ###############################################################################################
2023-01-09 20:28:12,835: 
$1,749
                                    

2023-01-09 20:28:12,836: 3bed
                                    
2023-01-09 20:28:12,836: 2bath
                                    
2023-01-09 20:28:12,837: PetsOK
2023-01-09 20:28:12,837: 

24123 Sundown View
                                                Ln
                                            
Hockley, TX 77447
                                            


2023-01-09 20:28:12,838: 
                                        For Rent - House
                                    
2023-01-09 20:28:12,838: ###############################################################################################
2023-01-09 20:28:12,838: 
$1,775
                                    

2023-01-09 20:28:12,839: 3bed
                                    
2023-01-09 20:28:12,839: 2bath
                                    
2023-01-09 20:28:12,841: PetsOK
2023-01-09 20:28:12,842: 

24126 Sundown View
                                                Ln
                                            
Hockley, TX 77447
                                            


2023-01-09 20:28:12,842: 
                                        For Rent - House
                                    
2023-01-09 20:28:12,842: ###############################################################################################
2023-01-09 20:28:12,843: 
$1,799
                                    

2023-01-09 20:28:12,844: 3bed
                                    
2023-01-09 20:28:12,844: 2bath
                                    
2023-01-09 20:28:12,845: PetsOK
2023-01-09 20:28:12,846: 

18819 Jasper Ridge
                                                Dr
                                            
Hockley, TX 77447
                                            


2023-01-09 20:28:12,846: 
                                        For Rent - House
                                    
2023-01-09 20:28:12,846: ###############################################################################################
2023-01-09 20:28:12,847: 
$1,775
                                    

2023-01-09 20:28:12,848: 3bed
                                    
2023-01-09 20:28:12,848: 2bath
                                    
2023-01-09 20:28:12,848: PetsOK
2023-01-09 20:28:12,849: 

24110 Sundown View
                                                Ln
                                            
Hockley, TX 77447
                                            


2023-01-09 20:28:12,849: 
                                        For Rent - House
                                    
2023-01-09 20:28:12,850: ###############################################################################################
2023-01-09 20:28:12,850: 
$2,025
                                    

2023-01-09 20:28:12,850: 4bed
                                    
2023-01-09 20:28:12,851: 2.5bath
                                    
2023-01-09 20:28:12,851: PetsOK
2023-01-09 20:28:12,852: 

24143 Sundown View
                                                Ln
                                            
Hockley, TX 77447
                                            


2023-01-09 20:28:12,852: 
                                        For Rent - House
                                    
2023-01-09 20:28:12,852: ###############################################################################################
2023-01-09 20:28:12,853: 
$1,995
                                    

2023-01-09 20:28:12,853: 4bed
                                    
2023-01-09 20:28:12,854: 2.5bath
                                    
2023-01-09 20:28:12,854: PetsOK
2023-01-09 20:28:12,855: 

18739 Jasper Ridge
                                                Dr
                                            
Hockley, TX 77447
                                            


2023-01-09 20:28:12,855: 
                                        For Rent - House
                                    
2023-01-09 20:28:12,855: ###############################################################################################
2023-01-09 20:28:12,856: 
$2,015
                                    

2023-01-09 20:28:12,856: 4bed
                                    
2023-01-09 20:28:12,857: 2.5bath
                                    
2023-01-09 20:28:12,858: PetsOK
2023-01-09 20:28:12,859: 

24139 Laurel Farms
                                                Dr
                                            
Hockley, TX 77447
                                            


2023-01-09 20:28:12,860: 
                                        For Rent - House
                                    
2023-01-09 20:28:12,860: ###############################################################################################
2023-01-09 20:28:12,861: 
$2,025
                                    

2023-01-09 20:28:12,861: 4bed
                                    
2023-01-09 20:28:12,862: 2.5bath
                                    
2023-01-09 20:28:12,863: PetsOK
2023-01-09 20:28:12,864: 

24138 Laurel Farms
                                                Dr
                                            
Hockley, TX 77447
                                            


2023-01-09 20:28:12,864: 
                                        For Rent - House
                                    
2023-01-09 20:28:12,864: ###############################################################################################
2023-01-09 20:28:12,865: 
$2,025
                                    

2023-01-09 20:28:12,866: 4bed
                                    
2023-01-09 20:28:12,866: 2.5bath
                                    
2023-01-09 20:28:12,867: PetsOK
2023-01-09 20:28:12,868: 

18735 Jasper Ridge
                                                Dr
                                            
Hockley, TX 77447
                                            


2023-01-09 20:28:12,868: 
                                        For Rent - House
                                    
2023-01-09 20:28:12,868: ###############################################################################################
2023-01-09 20:28:12,869: 
$2,025
                                    

2023-01-09 20:28:12,869: 4bed
                                    
2023-01-09 20:28:12,870: 2.5bath
                                    
2023-01-09 20:28:12,871: PetsOK
2023-01-09 20:28:12,871: 

18815 Jasper Ridge
                                                Dr
                                            
Hockley, TX 77447
                                            


2023-01-09 20:28:12,872: 
                                        For Rent - House
                                    
2023-01-09 20:28:12,872: ###############################################################################################
2023-01-09 20:28:12,872: 
$2,025
                                    

2023-01-09 20:28:12,873: 4bed
                                    
2023-01-09 20:28:12,873: 2.5bath
                                    
2023-01-09 20:28:12,875: PetsOK
2023-01-09 20:28:12,876: 

24135 Sundown View
                                                Ln
                                            
Hockley, TX 77447
                                            


2023-01-09 20:28:12,876: 
                                        For Rent - House
                                    
2023-01-09 20:28:12,876: ###############################################################################################
2023-01-09 20:28:12,877: 
$2,025
                                    

2023-01-09 20:28:12,878: 4bed
                                    
2023-01-09 20:28:12,878: 2.5bath
                                    
2023-01-09 20:28:12,879: PetsOK
2023-01-09 20:28:12,880: 

24146 Laurel Farms
                                                Dr
                                            
Hockley, TX 77447
                                            


2023-01-09 20:28:12,881: 
                                        For Rent - House
                                    
2023-01-09 20:28:12,881: ###############################################################################################
2023-01-09 20:28:12,881: 
$1,845
                                    

2023-01-09 20:28:12,882: 4bed
                                    
2023-01-09 20:28:12,882: 2.5bath
                                    
2023-01-09 20:28:12,883: PetsOK
2023-01-09 20:28:12,883: 

18722 Charter Elm
                                                Dr
                                            
Hockley, TX 77447
                                            


2023-01-09 20:28:12,884: 
                                        For Rent - House
                                    
2023-01-09 20:28:12,884: ###############################################################################################
2023-01-09 20:28:12,884: 
$2,045
                                    

2023-01-09 20:28:12,885: 4bed
                                    
2023-01-09 20:28:12,885: 2.5bath
                                    
2023-01-09 20:28:12,886: PetsOK
2023-01-09 20:28:12,886: 

18719 Charter Elm
                                                Dr
                                            
Hockley, TX 77447
                                            


2023-01-09 20:28:12,887: 
                                        For Rent - House
                                    
2023-01-09 20:28:12,887: ###############################################################################################
2023-01-09 20:28:12,887: 
$2,145
                                    

2023-01-09 20:28:12,888: 4bed
                                    
2023-01-09 20:28:12,888: 2.5bath
                                    
2023-01-09 20:28:12,889: PetsOK
2023-01-09 20:28:12,889: 

24130 Sundown View
                                                Ln
                                            
Hockley, TX 77447
                                            


2023-01-09 20:28:12,890: 
                                        For Rent - House
                                    
2023-01-09 20:28:12,890: ###############################################################################################
2023-01-09 20:28:12,891: 
$2,145
                                    

2023-01-09 20:28:12,892: 4bed
                                    
2023-01-09 20:28:12,892: 2.5bath
                                    
2023-01-09 20:28:12,893: PetsOK
2023-01-09 20:28:12,893: 

18811 Jasper Ridge
                                                Dr
                                            
Hockley, TX 77447
                                            


2023-01-09 20:28:12,894: 
                                        For Rent - House
                                    
2023-01-09 20:28:12,894: ###############################################################################################
2023-01-09 20:28:12,894: 
$2,165
                                    

2023-01-09 20:28:12,895: 4bed
                                    
2023-01-09 20:28:12,896: 2.5bath
                                    
2023-01-09 20:28:12,896: PetsOK
2023-01-09 20:28:12,897: 

18839 Jasper Ridge
                                                Dr
                                            
Hockley, TX 77447
                                            


2023-01-09 20:28:12,899: 
                                        For Rent - House
                                    
2023-01-09 20:28:12,899: ###############################################################################################
2023-01-09 20:28:12,901: 
$2,000
                                    

2023-01-09 20:28:12,902: 4bed
                                    
2023-01-09 20:28:12,902: 2.5bath
                                    
2023-01-09 20:28:12,903: PetsOK
2023-01-09 20:28:12,905: 

24031 Mustang Run
                                                Dr
                                            
Hockley, TX 77447
                                            


2023-01-09 20:28:12,906: 
                                        For Rent - House
                                    
2023-01-09 20:28:12,906: ###############################################################################################
2023-01-09 20:28:12,907: 
$2,025
                                    

2023-01-09 20:28:12,907: 4bed
                                    
2023-01-09 20:28:12,908: 2.5bath
                                    
2023-01-09 20:28:12,909: PetsOK
2023-01-09 20:28:12,909: 

18723 Jasper Ridge
                                                Dr
                                            
Hockley, TX 77447
                                            


2023-01-09 20:28:12,912: 
                                        For Rent - House
                                    
2023-01-09 20:28:12,912: ###############################################################################################
2023-01-09 20:28:12,913: 
$2,025
                                    

2023-01-09 20:28:12,914: 4bed
                                    
2023-01-09 20:28:12,914: 2.5bath
                                    
2023-01-09 20:28:12,915: PetsOK
2023-01-09 20:28:12,916: 

18723 Charter Elm
                                                Dr
                                            
Hockley, TX 77447
                                            


2023-01-09 20:28:12,916: 
                                        For Rent - House
                                    
2023-01-09 20:28:12,916: ###############################################################################################
2023-01-09 20:28:12,917: 
$2,025
                                    

2023-01-09 20:28:12,917: 4bed
                                    
2023-01-09 20:28:12,918: 2.5bath
                                    
2023-01-09 20:28:12,919: PetsOK
2023-01-09 20:28:12,919: 

24023 Mustang Run
                                                Dr
                                            
Hockley, TX 77447
                                            


2023-01-09 20:28:12,920: 
                                        For Rent - House
                                    
2023-01-09 20:28:12,920: ###############################################################################################
2023-01-09 20:28:12,920: 
$1,925
                                    

2023-01-09 20:28:12,921: 4bed
                                    
2023-01-09 20:28:12,921: 2bath
                                    
2023-01-09 20:28:12,922: PetsOK
2023-01-09 20:28:12,922: 

24150 Sundown View
                                                Ln
                                            
Hockley, TX 77447
                                            


2023-01-09 20:28:12,923: 
                                        For Rent - House
                                    
2023-01-09 20:28:12,923: ###############################################################################################
2023-01-09 20:28:12,923: 
$1,925
                                    

2023-01-09 20:28:12,924: 4bed
                                    
2023-01-09 20:28:12,926: 2bath
                                    
2023-01-09 20:28:12,927: PetsOK
2023-01-09 20:28:12,927: 

18803 Jasper Ridge
                                                Dr
                                            
Hockley, TX 77447
                                            


2023-01-09 20:28:12,928: 
                                        For Rent - House
                                    
2023-01-09 20:28:12,928: ###############################################################################################
2023-01-09 20:28:12,929: 
$1,925
                                    

2023-01-09 20:28:12,929: 4bed
                                    
2023-01-09 20:28:12,930: 2bath
                                    
2023-01-09 20:28:12,930: PetsOK
2023-01-09 20:28:12,931: 

24122 Sundown View
                                                Ln
                                            
Hockley, TX 77447
                                            


2023-01-09 20:28:12,931: 
                                        For Rent - House
                                    
2023-01-09 20:28:12,931: ###############################################################################################
2023-01-09 20:28:12,932: 
$1,925
                                    

2023-01-09 20:28:12,933: 4bed
                                    
2023-01-09 20:28:12,933: 2bath
                                    
2023-01-09 20:28:12,934: PetsOK
2023-01-09 20:28:12,935: 

24139 Sundown View
                                                Ln
                                            
Hockley, TX 77447
                                            


2023-01-09 20:28:12,935: 
                                        For Rent - House
                                    
2023-01-09 20:28:12,935: ###############################################################################################
2023-01-09 20:28:12,936: 
$1,925
                                    

2023-01-09 20:28:12,936: 4bed
                                    
2023-01-09 20:28:12,937: 2bath
                                    
2023-01-09 20:28:12,937: PetsOK
2023-01-09 20:28:12,938: 

24134 Sundown View
                                                Ln
                                            
Hockley, TX 77447
                                            


2023-01-09 20:28:12,939: 
                                        For Rent - House
                                    
2023-01-09 20:28:12,939: ###############################################################################################
2023-01-09 20:28:12,939: 
$2,200
                                    

2023-01-09 20:28:12,940: 3bed
                                    
2023-01-09 20:28:12,940: 2.5bath
                                    
2023-01-09 20:28:12,941: 2,156sqft
2023-01-09 20:28:12,941: 

20906 Solstice Point
                                                Dr
                                            
Hockley, TX 77447
                                            


2023-01-09 20:28:12,942: 
                                        For Rent - House
                                    
2023-01-09 20:28:12,942: ###############################################################################################
2023-01-09 20:28:12,943: 
$1,745
                                    

2023-01-09 20:28:12,943: 3bed
                                    
2023-01-09 20:28:12,943: 2bath
                                    
2023-01-09 20:28:12,944: PetsOK
2023-01-09 20:28:12,945: 

24146 Sundown View
                                                Ln
                                            
Hockley, TX 77447
                                            


2023-01-09 20:28:12,945: 
                                        For Rent - House
                                    
2023-01-09 20:28:12,945: ###############################################################################################
2023-01-09 20:28:12,947: 
$1,875
                                    

2023-01-09 20:28:12,948: 3bed
                                    
2023-01-09 20:28:12,948: 2bath
                                    
2023-01-09 20:28:12,949: 1,494sqft
2023-01-09 20:28:12,950: 

24030 Steep Climb
                                                Dr
                                            
Hockley, TX 77447
                                            


2023-01-09 20:28:12,951: 
                                        For Rent - House
                                    
2023-01-09 20:28:12,951: ###############################################################################################
2023-01-09 20:28:12,952: 
$1,795
                                    

2023-01-09 20:28:12,952: 3bed
                                    
2023-01-09 20:28:12,953: 2bath
                                    
2023-01-09 20:28:12,953: 1,295sqft
2023-01-09 20:28:12,954: 

17210 Hawks Landing
                                                Dr
                                            
Hockley, TX 77447
                                            


2023-01-09 20:28:12,955: 
                                        For Rent - House
                                    
2023-01-09 20:28:12,955: ###############################################################################################
2023-01-09 20:28:12,955: 
$1,745
                                    

2023-01-09 20:28:12,956: 3bed
                                    
2023-01-09 20:28:12,957: 2bath
                                    
2023-01-09 20:28:12,959: 1,295sqft
2023-01-09 20:28:12,960: 

17210 Hawks Landing
                                                Dr Unit 1
                                            
Hockley, TX 77447
                                            


2023-01-09 20:28:12,960: 
                                        For Rent - House
                                    
2023-01-09 20:28:12,961: ###############################################################################################
2023-01-09 20:28:12,962: 
$1,850
                                    

2023-01-09 20:28:12,963: 3bed
                                    
2023-01-09 20:28:12,963: 2bath
                                    
2023-01-09 20:28:12,964: 1,302sqft
2023-01-09 20:28:12,966: 

24242 Breckenridge
                                                Pass Ln
                                            
Hockley, TX 77447
                                            


2023-01-09 20:28:12,966: 
                                        For Rent - House
                                    
2023-01-09 20:28:12,967: ###############################################################################################
2023-01-09 20:28:12,967: 
$2,000
                                    

2023-01-09 20:28:12,968: 3bed
                                    
2023-01-09 20:28:12,968: 2bath
                                    
2023-01-09 20:28:12,968: 1,682sqft
2023-01-09 20:28:12,969: 

18527 Gold Hollow
                                                Ct
                                            
Hockley, TX 77447
                                            


2023-01-09 20:28:12,970: 
                                        For Rent - House
                                    
2023-01-09 20:28:12,970: ###############################################################################################
2023-01-09 20:28:12,970: 
$2,450
                                    

2023-01-09 20:28:12,971: 4bed
                                    
2023-01-09 20:28:12,971: 3bath
                                    
2023-01-09 20:28:12,972: 2,647sqft
2023-01-09 20:28:12,972: 

17522 Field Row
                                                Trl
                                            
Hockley, TX 77447
                                            


2023-01-09 20:28:12,973: 
                                        For Rent - House
                                    
2023-01-09 20:28:12,973: ###############################################################################################
2023-01-09 20:28:12,974: 
$2,475
                                    

2023-01-09 20:28:12,975: 4bed
                                    
2023-01-09 20:28:12,976: 3bath
                                    
2023-01-09 20:28:12,976: 2,054sqft
2023-01-09 20:28:12,977: 

17803 Pumpkin Vine
                                                Dr
                                            
Waller, TX 77447
                                            


2023-01-09 20:28:12,978: 
                                        For Rent - House
                                    
2023-01-09 20:28:12,978: ###############################################################################################
2023-01-09 20:28:12,978: 
$2,000
                                    

2023-01-09 20:28:12,979: 2bed
                                    
2023-01-09 20:28:12,979: 1bath
                                    
2023-01-09 20:28:12,980: 1,304sqft
2023-01-09 20:28:12,981: 

24807 Botkins Rd
                                            
Hockley, TX 77447
                                            


2023-01-09 20:28:12,982: 
                                        For Rent - House
                                    
2023-01-09 20:28:12,982: ###############################################################################################
2023-01-09 20:28:12,983: 
$2,500
                                    

2023-01-09 20:28:12,983: 4bed
                                    
2023-01-09 20:28:12,984: 2bath
                                    
2023-01-09 20:28:12,985: 2,277sqft
2023-01-09 20:28:12,986: 

22526 Red Sparrow
                                                Dr
                                            
Hockley, TX 77447
                                            


2023-01-09 20:28:12,987: 
                                        For Rent - House
                                    
2023-01-09 20:28:12,987: ###############################################################################################
2023-01-09 20:28:12,988: 
$1,850
                                    

2023-01-09 20:28:12,988: 3bed
                                    
2023-01-09 20:28:12,989: 2bath
                                    
2023-01-09 20:28:12,989: 1,350sqft
2023-01-09 20:28:12,990: 

22042 Lost Lantern
                                                Dr
                                            
Hockley, TX 77447
                                            


2023-01-09 20:28:12,990: 
                                        For Rent - House
                                    
2023-01-09 20:28:12,990: ###############################################################################################
2023-01-09 20:28:12,991: 
$1,685
                                    

2023-01-09 20:28:12,992: 4bed
                                    
2023-01-09 20:28:12,992: 2bath
                                    
2023-01-09 20:28:12,993: 1,720sqft
2023-01-09 20:28:12,993: 

18122 Mendocino
                                                Ridge Ln
                                            
Hockley, TX 77447
                                            


2023-01-09 20:28:12,994: 
                                        For Rent - House
                                    
2023-01-09 20:28:12,994: ###############################################################################################
