2023-01-12 20:03:03,342: trying to read localfile
2023-01-12 20:03:03,344: Local file is available ################## 

2023-01-12 20:03:03,676: 22030 Buffalo Braun Dr, Hockley, TX 77447
2023-01-12 20:03:03,676: 2000
2023-01-12 20:03:03,676: 4
2023-01-12 20:03:03,676: 2
2023-01-12 20:03:03,676: 1852
2023-01-12 20:03:03,676: house
2023-01-12 20:03:03,676: Reddy
2023-01-12 20:03:03,676: 2023-01-12
2023-01-12 20:03:04,469: some exception occurred while parsing the prop
2023-01-12 20:03:04,469: ##########################################################################################
2023-01-12 20:03:04,472: 21110 Sunshine Meadow Dr, Hockley, TX 77447
2023-01-12 20:03:04,472: 1875
2023-01-12 20:03:04,472: 3
2023-01-12 20:03:04,472: 2
2023-01-12 20:03:04,473: 1350
2023-01-12 20:03:04,473: house
2023-01-12 20:03:04,473: Reddy
2023-01-12 20:03:04,473: 2023-01-12
2023-01-12 20:03:05,202: some exception occurred while parsing the prop
2023-01-12 20:03:05,202: ##########################################################################################
2023-01-12 20:03:05,203: some exception occurred while parsing the prop
2023-01-12 20:03:05,203: ##########################################################################################
2023-01-12 20:03:05,203: some exception occurred while parsing the prop
2023-01-12 20:03:05,203: ##########################################################################################
2023-01-12 20:03:05,206: 24203 Becker Hollow Ln, Hockley, TX 77447
2023-01-12 20:03:05,206: 1645
2023-01-12 20:03:05,206: 4
2023-01-12 20:03:05,206: 25
2023-01-12 20:03:05,206: 1947
2023-01-12 20:03:05,206: house
2023-01-12 20:03:05,206: Reddy
2023-01-12 20:03:05,206: 2023-01-12
2023-01-12 20:03:05,950: some exception occurred while parsing the prop
2023-01-12 20:03:05,951: ##########################################################################################
2023-01-12 20:03:05,955: 17206 Hawks Landing Dr, Hockley, TX 77447
2023-01-12 20:03:05,955: 1949
2023-01-12 20:03:05,955: 4
2023-01-12 20:03:05,955: 25
2023-01-12 20:03:05,956: 2016
2023-01-12 20:03:05,956: house
2023-01-12 20:03:05,956: Reddy
2023-01-12 20:03:05,956: 2023-01-12
2023-01-12 20:03:06,719: some exception occurred while parsing the prop
2023-01-12 20:03:06,720: ##########################################################################################
2023-01-12 20:03:06,723: 24210 Running Iron Dr, Hockley, TX 77447
2023-01-12 20:03:06,723: 1200
2023-01-12 20:03:06,724: 2
2023-01-12 20:03:06,724: 1
2023-01-12 20:03:06,724: 958
2023-01-12 20:03:06,724: house
2023-01-12 20:03:06,724: Reddy
2023-01-12 20:03:06,724: 2023-01-12
2023-01-12 20:03:07,483: some exception occurred while parsing the prop
2023-01-12 20:03:07,483: ##########################################################################################
2023-01-12 20:03:07,486: 17503 Wagganner Dr, Hockley, TX 77447
2023-01-12 20:03:07,486: 1497
2023-01-12 20:03:07,486: 3
2023-01-12 20:03:07,486: 1
2023-01-12 20:03:07,486: 1241
2023-01-12 20:03:07,486: house
2023-01-12 20:03:07,486: Reddy
2023-01-12 20:03:07,486: 2023-01-12
2023-01-12 20:03:08,229: some exception occurred while parsing the prop
2023-01-12 20:03:08,229: ##########################################################################################
2023-01-12 20:03:08,232: 17223 Osprey Forest Dr, Hockley, TX 77447
2023-01-12 20:03:08,232: 1895
2023-01-12 20:03:08,233: 3
2023-01-12 20:03:08,233: 25
2023-01-12 20:03:08,233: 1712
2023-01-12 20:03:08,233: house
2023-01-12 20:03:08,233: Reddy
2023-01-12 20:03:08,233: 2023-01-12
2023-01-12 20:03:08,984: some exception occurred while parsing the prop
2023-01-12 20:03:08,985: ##########################################################################################
2023-01-12 20:03:08,988: 17210 Hawks Landing Dr, Hockley, TX 77447
2023-01-12 20:03:08,988: 1745
2023-01-12 20:03:08,988: 3
2023-01-12 20:03:08,988: 2
2023-01-12 20:03:08,988: 1295
2023-01-12 20:03:08,988: house
2023-01-12 20:03:08,988: Reddy
2023-01-12 20:03:08,988: 2023-01-12
2023-01-12 20:03:09,740: some exception occurred while parsing the prop
2023-01-12 20:03:09,741: ##########################################################################################
2023-01-12 20:03:09,744: 22118 Lost Lantern Dr, Hockley, TX 77447
2023-01-12 20:03:09,745: 2000
2023-01-12 20:03:09,745: 4
2023-01-12 20:03:09,745: 2
2023-01-12 20:03:09,745: 1852
2023-01-12 20:03:09,745: house
2023-01-12 20:03:09,745: Reddy
2023-01-12 20:03:09,745: 2023-01-12
2023-01-12 20:03:10,513: some exception occurred while parsing the prop
2023-01-12 20:03:10,514: ##########################################################################################
2023-01-12 20:03:10,517: 17906 Sunny Savanna Dr, Hockley, TX 77447
2023-01-12 20:03:10,517: 1850
2023-01-12 20:03:10,517: 3
2023-01-12 20:03:10,517: 2
2023-01-12 20:03:10,517: 1415
2023-01-12 20:03:10,517: house
2023-01-12 20:03:10,517: Reddy
2023-01-12 20:03:10,517: 2023-01-12
2023-01-12 20:03:11,317: some exception occurred while parsing the prop
2023-01-12 20:03:11,317: ##########################################################################################
2023-01-12 20:03:11,321: 16342 Rockdale Landing Dr, Hockley, TX 77447
2023-01-12 20:03:11,321: 2250
2023-01-12 20:03:11,321: 3
2023-01-12 20:03:11,321: 2
2023-01-12 20:03:11,321: 1914
2023-01-12 20:03:11,321: house
2023-01-12 20:03:11,321: Reddy
2023-01-12 20:03:11,321: 2023-01-12
2023-01-12 20:03:12,062: some exception occurred while parsing the prop
2023-01-12 20:03:12,063: ##########################################################################################
2023-01-12 20:03:12,067: 22631 Waller Tomball Rd, Hockley, TX 77447
2023-01-12 20:03:12,068: 2750
2023-01-12 20:03:12,068: 3
2023-01-12 20:03:12,068: 2
2023-01-12 20:03:12,068: 2978
2023-01-12 20:03:12,068: house
2023-01-12 20:03:12,068: Reddy
2023-01-12 20:03:12,068: 2023-01-12
2023-01-12 20:03:12,814: some exception occurred while parsing the prop
2023-01-12 20:03:12,815: ##########################################################################################
2023-01-12 20:03:12,818: 24214 Four Sixes Ln, Hockley, TX 77447
2023-01-12 20:03:12,818: 1295
2023-01-12 20:03:12,818: 2
2023-01-12 20:03:12,818: 1
2023-01-12 20:03:12,818: 901
2023-01-12 20:03:12,818: house
2023-01-12 20:03:12,818: Reddy
2023-01-12 20:03:12,819: 2023-01-12
2023-01-12 20:03:13,569: some exception occurred while parsing the prop
2023-01-12 20:03:13,570: ##########################################################################################
2023-01-12 20:03:13,573: 16015 Mersmann Ridge Ln, Hockley, TX 77447
2023-01-12 20:03:13,573: 2550
2023-01-12 20:03:13,573: 4
2023-01-12 20:03:13,573: 2
2023-01-12 20:03:13,573: 1748
2023-01-12 20:03:13,574: house
2023-01-12 20:03:13,574: Reddy
2023-01-12 20:03:13,574: 2023-01-12
2023-01-12 20:03:14,347: some exception occurred while parsing the prop
2023-01-12 20:03:14,348: ##########################################################################################
2023-01-12 20:03:14,351: 24114 Lazy Kay Ln, Hockley, TX 77447
2023-01-12 20:03:14,352: 1795
2023-01-12 20:03:14,352: 4
2023-01-12 20:03:14,352: 25
2023-01-12 20:03:14,352: 2148
2023-01-12 20:03:14,352: house
2023-01-12 20:03:14,352: Reddy
2023-01-12 20:03:14,352: 2023-01-12
2023-01-12 20:03:15,109: some exception occurred while parsing the prop
2023-01-12 20:03:15,109: ##########################################################################################
2023-01-12 20:03:15,113: 21018 Solstice Point Dr, Hockley, TX 77447
2023-01-12 20:03:15,113: 1985
2023-01-12 20:03:15,114: 4
2023-01-12 20:03:15,114: 2
2023-01-12 20:03:15,114: 1862
2023-01-12 20:03:15,114: house
2023-01-12 20:03:15,114: Reddy
2023-01-12 20:03:15,114: 2023-01-12
2023-01-12 20:03:15,853: some exception occurred while parsing the prop
2023-01-12 20:03:15,854: ##########################################################################################
2023-01-12 20:03:15,857: 20906 Solstice Point Dr, Hockley, TX 77447
2023-01-12 20:03:15,857: 2200
2023-01-12 20:03:15,857: 3
2023-01-12 20:03:15,857: 25
2023-01-12 20:03:15,857: 2156
2023-01-12 20:03:15,857: house
2023-01-12 20:03:15,857: Reddy
2023-01-12 20:03:15,857: 2023-01-12
2023-01-12 20:03:16,642: some exception occurred while parsing the prop
2023-01-12 20:03:16,643: ##########################################################################################
2023-01-12 20:03:16,646: 24018 Hay Needle Ln, Hockley, TX 77447
2023-01-12 20:03:16,646: 2300
2023-01-12 20:03:16,646: 4
2023-01-12 20:03:16,646: 3
2023-01-12 20:03:16,646: 2061
2023-01-12 20:03:16,646: house
2023-01-12 20:03:16,646: Reddy
2023-01-12 20:03:16,646: 2023-01-12
2023-01-12 20:03:17,405: some exception occurred while parsing the prop
2023-01-12 20:03:17,406: ##########################################################################################
2023-01-12 20:03:17,409: 17803 Pumpkin Vine Dr, Hockley, TX 77447
2023-01-12 20:03:17,409: 2475
2023-01-12 20:03:17,410: 4
2023-01-12 20:03:17,410: 3
2023-01-12 20:03:17,410: 2054
2023-01-12 20:03:17,410: house
2023-01-12 20:03:17,410: Reddy
2023-01-12 20:03:17,410: 2023-01-12
2023-01-12 20:03:18,148: some exception occurred while parsing the prop
2023-01-12 20:03:18,149: ##########################################################################################
2023-01-12 20:03:18,152: 18527 Gold Hollow Ct, Hockley, TX 77447
2023-01-12 20:03:18,152: 2000
2023-01-12 20:03:18,152: 3
2023-01-12 20:03:18,152: 2
2023-01-12 20:03:18,152: 1682
2023-01-12 20:03:18,152: house
2023-01-12 20:03:18,152: Reddy
2023-01-12 20:03:18,152: 2023-01-12
2023-01-12 20:03:18,927: some exception occurred while parsing the prop
2023-01-12 20:03:18,927: ##########################################################################################
2023-01-12 20:03:18,930: 24242 Breckenridge Pass Ln, Hockley, TX 77447
2023-01-12 20:03:18,930: 1850
2023-01-12 20:03:18,930: 3
2023-01-12 20:03:18,930: 2
2023-01-12 20:03:18,930: 1302
2023-01-12 20:03:18,931: house
2023-01-12 20:03:18,931: Reddy
2023-01-12 20:03:18,931: 2023-01-12
2023-01-12 20:03:19,672: some exception occurred while parsing the prop
2023-01-12 20:03:19,672: ##########################################################################################
2023-01-12 20:03:19,675: 31102 White Cypress Ln, Hockley, TX 77447
2023-01-12 20:03:19,676: 3700
2023-01-12 20:03:19,676: 5
2023-01-12 20:03:19,676: 35
2023-01-12 20:03:19,676: 3250
2023-01-12 20:03:19,676: house
2023-01-12 20:03:19,676: Reddy
2023-01-12 20:03:19,676: 2023-01-12
2023-01-12 20:03:20,432: some exception occurred while parsing the prop
2023-01-12 20:03:20,432: ##########################################################################################
2023-01-12 20:03:20,435: 23923 Steep Climb Dr, Hockley, TX 77447
2023-01-12 20:03:20,435: 2000
2023-01-12 20:03:20,435: 4
2023-01-12 20:03:20,435: 25
2023-01-12 20:03:20,436: 1853
2023-01-12 20:03:20,436: house
2023-01-12 20:03:20,436: Reddy
2023-01-12 20:03:20,436: 2023-01-12
2023-01-12 20:03:21,190: some exception occurred while parsing the prop
2023-01-12 20:03:21,190: ##########################################################################################
2023-01-12 20:03:21,195: 23419 Simmental Rd, Hockley, TX 77447
2023-01-12 20:03:21,195: 2500
2023-01-12 20:03:21,195: 4
2023-01-12 20:03:21,195: 2
2023-01-12 20:03:21,195: 1689
2023-01-12 20:03:21,195: house
2023-01-12 20:03:21,195: Reddy
2023-01-12 20:03:21,195: 2023-01-12
2023-01-12 20:03:21,966: some exception occurred while parsing the prop
2023-01-12 20:03:21,967: ##########################################################################################
2023-01-12 20:03:21,970: 24807 Botkins Rd, Hockley, TX 77447
2023-01-12 20:03:21,970: 2000
2023-01-12 20:03:21,970: 2
2023-01-12 20:03:21,970: 1
2023-01-12 20:03:21,970: 1304
2023-01-12 20:03:21,970: house
2023-01-12 20:03:21,970: Reddy
2023-01-12 20:03:21,970: 2023-01-12
2023-01-12 20:03:22,728: some exception occurred while parsing the prop
2023-01-12 20:03:22,729: ##########################################################################################
2023-01-12 20:03:22,732: 24319 Kennedy Ranch Ln, Hockley, TX 77447
2023-01-12 20:03:22,732: 1500
2023-01-12 20:03:22,732: 2
2023-01-12 20:03:22,732: 1
2023-01-12 20:03:22,733: 901
2023-01-12 20:03:22,733: house
2023-01-12 20:03:22,733: Reddy
2023-01-12 20:03:22,733: 2023-01-12
2023-01-12 20:03:23,521: some exception occurred while parsing the prop
2023-01-12 20:03:23,522: ##########################################################################################
2023-01-12 20:03:23,525: 22526 Red Sparrow Dr, Hockley, TX 77447
2023-01-12 20:03:23,526: 2500
2023-01-12 20:03:23,526: 4
2023-01-12 20:03:23,526: 2
2023-01-12 20:03:23,526: 2277
2023-01-12 20:03:23,526: house
2023-01-12 20:03:23,526: Reddy
2023-01-12 20:03:23,526: 2023-01-12
2023-01-12 20:03:24,280: some exception occurred while parsing the prop
2023-01-12 20:03:24,281: ##########################################################################################
2023-01-12 20:03:24,284: 23814 Brushy Woods St, Hockley, TX 77447
2023-01-12 20:03:24,284: 1150
2023-01-12 20:03:24,284: 3
2023-01-12 20:03:24,284: 2
2023-01-12 20:03:24,284: 1216
2023-01-12 20:03:24,284: house
2023-01-12 20:03:24,284: Reddy
2023-01-12 20:03:24,284: 2023-01-12
2023-01-12 20:03:25,041: some exception occurred while parsing the prop
2023-01-12 20:03:25,042: ##########################################################################################
2023-01-12 20:03:25,045: 18122 Mendocino Ridge Ln, Hockley, TX 77447
2023-01-12 20:03:25,045: 1685
2023-01-12 20:03:25,045: 4
2023-01-12 20:03:25,045: 2
2023-01-12 20:03:25,046: 1720
2023-01-12 20:03:25,046: house
2023-01-12 20:03:25,046: Reddy
2023-01-12 20:03:25,046: 2023-01-12
2023-01-12 20:03:25,813: some exception occurred while parsing the prop
2023-01-12 20:03:25,813: ##########################################################################################
2023-01-12 20:03:25,817: 18439 Cobalt Cove Ln, Hockley, TX 77447
2023-01-12 20:03:25,817: 1750
2023-01-12 20:03:25,817: 3
2023-01-12 20:03:25,817: 2
2023-01-12 20:03:25,817: 1230
2023-01-12 20:03:25,817: house
2023-01-12 20:03:25,817: Reddy
2023-01-12 20:03:25,817: 2023-01-12
2023-01-12 20:03:26,583: some exception occurred while parsing the prop
2023-01-12 20:03:26,583: ##########################################################################################
2023-01-12 20:03:26,586: some exception occurred while parsing the prop
2023-01-12 20:03:26,586: ##########################################################################################
2023-01-12 20:03:26,589: some exception occurred while parsing the prop
2023-01-12 20:03:26,589: ##########################################################################################
2023-01-12 20:03:26,593: some exception occurred while parsing the prop
2023-01-12 20:03:26,593: ##########################################################################################
2023-01-12 20:03:26,596: some exception occurred while parsing the prop
2023-01-12 20:03:26,596: ##########################################################################################
2023-01-12 20:03:26,599: some exception occurred while parsing the prop
2023-01-12 20:03:26,599: ##########################################################################################
2023-01-12 20:03:26,602: some exception occurred while parsing the prop
2023-01-12 20:03:26,602: ##########################################################################################
2023-01-12 20:03:26,604: some exception occurred while parsing the prop
2023-01-12 20:03:26,604: ##########################################################################################
2023-01-12 20:03:26,607: some exception occurred while parsing the prop
2023-01-12 20:03:26,607: ##########################################################################################
2023-01-12 20:03:26,611: 23135 Shakespear Dr, Magnolia, TX 77355
2023-01-12 20:03:26,611: 1744
2023-01-12 20:03:26,611: 3
2023-01-12 20:03:26,611: 25
2023-01-12 20:03:26,611: 1882
2023-01-12 20:03:26,611: house
2023-01-12 20:03:26,611: Reddy
2023-01-12 20:03:26,611: 2023-01-12
2023-01-12 20:03:27,363: some exception occurred while parsing the prop
2023-01-12 20:03:27,363: ##########################################################################################
2023-01-12 20:03:27,367: 7926 Fijian, Cypress, TX 77433
2023-01-12 20:03:27,368: 2394
2023-01-12 20:03:27,368: 4
2023-01-12 20:03:27,368: 35
2023-01-12 20:03:27,368: 2064
2023-01-12 20:03:27,368: house
2023-01-12 20:03:27,368: Reddy
2023-01-12 20:03:27,368: 2023-01-12
2023-01-12 20:03:28,111: some exception occurred while parsing the prop
2023-01-12 20:03:28,111: ##########################################################################################
2023-01-12 20:03:28,115: 22079 Ellison Dr, Magnolia, TX 77355
2023-01-12 20:03:28,115: 1774
2023-01-12 20:03:28,115: 4
2023-01-12 20:03:28,115: 2
2023-01-12 20:03:28,115: 1787
2023-01-12 20:03:28,115: house
2023-01-12 20:03:28,116: Reddy
2023-01-12 20:03:28,116: 2023-01-12
2023-01-12 20:03:28,872: some exception occurred while parsing the prop
2023-01-12 20:03:28,872: ##########################################################################################
2023-01-12 20:03:28,877: 7939 Fijian, Cypress, TX 77433
2023-01-12 20:03:28,877: 2394
2023-01-12 20:03:28,877: 4
2023-01-12 20:03:28,877: 35
2023-01-12 20:03:28,878: 1900
2023-01-12 20:03:28,878: house
2023-01-12 20:03:28,878: Reddy
2023-01-12 20:03:28,878: 2023-01-12
2023-01-12 20:03:29,656: some exception occurred while parsing the prop
2023-01-12 20:03:29,656: ##########################################################################################
2023-01-12 20:03:29,660: 21327 Cypress Dr, Cypress, TX 77433
2023-01-12 20:03:29,660: 2394
2023-01-12 20:03:29,660: 4
2023-01-12 20:03:29,660: 35
2023-01-12 20:03:29,660: 1900
2023-01-12 20:03:29,660: house
2023-01-12 20:03:29,660: Reddy
2023-01-12 20:03:29,660: 2023-01-12
2023-01-12 20:03:30,440: some exception occurred while parsing the prop
2023-01-12 20:03:30,440: ##########################################################################################
2023-01-12 20:03:30,445: 7903 Fijian, Cypress, TX 77433
2023-01-12 20:03:30,445: 2394
2023-01-12 20:03:30,445: 4
2023-01-12 20:03:30,445: 35
2023-01-12 20:03:30,445: 1900
2023-01-12 20:03:30,445: house
2023-01-12 20:03:30,445: Reddy
2023-01-12 20:03:30,445: 2023-01-12
2023-01-12 20:03:31,184: some exception occurred while parsing the prop
2023-01-12 20:03:31,184: ##########################################################################################
2023-01-12 20:03:31,187: 21335 Cypress Dr, Cypress, TX 77433
2023-01-12 20:03:31,187: 2394
2023-01-12 20:03:31,187: 4
2023-01-12 20:03:31,187: 35
2023-01-12 20:03:31,187: 2064
2023-01-12 20:03:31,187: house
2023-01-12 20:03:31,187: Reddy
2023-01-12 20:03:31,187: 2023-01-12
2023-01-12 20:03:31,979: some exception occurred while parsing the prop
2023-01-12 20:03:31,979: ##########################################################################################
2023-01-12 20:03:31,983: 7918 Fijian, Cypress, TX 77433
2023-01-12 20:03:31,983: 2394
2023-01-12 20:03:31,983: 4
2023-01-12 20:03:31,983: 35
2023-01-12 20:03:31,983: 2064
2023-01-12 20:03:31,983: house
2023-01-12 20:03:31,983: Reddy
2023-01-12 20:03:31,983: 2023-01-12
2023-01-12 20:03:32,768: some exception occurred while parsing the prop
2023-01-12 20:03:32,769: ##########################################################################################
2023-01-12 20:03:32,773: 21351 Cypress Dr, Cypress, TX 77433
2023-01-12 20:03:32,773: 2394
2023-01-12 20:03:32,773: 4
2023-01-12 20:03:32,773: 35
2023-01-12 20:03:32,773: 1900
2023-01-12 20:03:32,773: house
2023-01-12 20:03:32,773: Reddy
2023-01-12 20:03:32,773: 2023-01-12
2023-01-12 20:03:33,535: some exception occurred while parsing the prop
2023-01-12 20:03:33,535: ##########################################################################################
2023-01-12 20:03:33,538: 7938 Tuscan, Cypress, TX 77433
2023-01-12 20:03:33,538: 2394
2023-01-12 20:03:33,538: 4
2023-01-12 20:03:33,538: 35
2023-01-12 20:03:33,538: 2154
2023-01-12 20:03:33,539: house
2023-01-12 20:03:33,539: Reddy
2023-01-12 20:03:33,539: 2023-01-12
2023-01-12 20:03:34,283: some exception occurred while parsing the prop
2023-01-12 20:03:34,284: ##########################################################################################
2023-01-12 20:03:34,287: 7967 Tuscan, Cypress, TX 77433
2023-01-12 20:03:34,287: 2394
2023-01-12 20:03:34,287: 4
2023-01-12 20:03:34,287: 35
2023-01-12 20:03:34,287: 1900
2023-01-12 20:03:34,287: house
2023-01-12 20:03:34,287: Reddy
2023-01-12 20:03:34,288: 2023-01-12
2023-01-12 20:03:35,077: some exception occurred while parsing the prop
2023-01-12 20:03:35,077: ##########################################################################################
2023-01-12 20:03:35,081: 7934 Tuscan, Cypress, TX 77433
2023-01-12 20:03:35,081: 2394
2023-01-12 20:03:35,081: 4
2023-01-12 20:03:35,081: 35
2023-01-12 20:03:35,081: 1900
2023-01-12 20:03:35,082: house
2023-01-12 20:03:35,082: Reddy
2023-01-12 20:03:35,082: 2023-01-12
2023-01-12 20:03:35,845: some exception occurred while parsing the prop
2023-01-12 20:03:35,845: ##########################################################################################
2023-01-12 20:03:35,848: 7931 Fijian, Cypress, TX 77433
2023-01-12 20:03:35,848: 2394
2023-01-12 20:03:35,848: 4
2023-01-12 20:03:35,848: 35
2023-01-12 20:03:35,848: 2154
2023-01-12 20:03:35,848: house
2023-01-12 20:03:35,848: Reddy
2023-01-12 20:03:35,849: 2023-01-12
2023-01-12 20:03:36,602: some exception occurred while parsing the prop
2023-01-12 20:03:36,602: ##########################################################################################
2023-01-12 20:03:36,606: 21319 Cypress Dr, Cypress, TX 77433
2023-01-12 20:03:36,606: 2394
2023-01-12 20:03:36,606: 4
2023-01-12 20:03:36,606: 35
2023-01-12 20:03:36,606: 1900
2023-01-12 20:03:36,606: house
2023-01-12 20:03:36,606: Reddy
2023-01-12 20:03:36,606: 2023-01-12
2023-01-12 20:03:37,353: some exception occurred while parsing the prop
2023-01-12 20:03:37,353: ##########################################################################################
2023-01-12 20:03:37,357: 26840 Steinbeck Dr, Magnolia, TX 77355
2023-01-12 20:03:37,357: 1774
2023-01-12 20:03:37,357: 4
2023-01-12 20:03:37,357: 2
2023-01-12 20:03:37,357: 1787
2023-01-12 20:03:37,357: house
2023-01-12 20:03:37,357: Reddy
2023-01-12 20:03:37,357: 2023-01-12
2023-01-12 20:03:38,117: some exception occurred while parsing the prop
2023-01-12 20:03:38,118: ##########################################################################################
2023-01-12 20:03:38,122: 26709 Frost Dr, Magnolia, TX 77355
2023-01-12 20:03:38,122: 1774
2023-01-12 20:03:38,122: 4
2023-01-12 20:03:38,122: 2
2023-01-12 20:03:38,122: 1787
2023-01-12 20:03:38,122: house
2023-01-12 20:03:38,122: Reddy
2023-01-12 20:03:38,122: 2023-01-12
2023-01-12 20:03:38,860: some exception occurred while parsing the prop
2023-01-12 20:03:38,860: ##########################################################################################
2023-01-12 20:03:38,864: 7930 Fijian, Cypress, TX 77433
2023-01-12 20:03:38,864: 2394
2023-01-12 20:03:38,864: 4
2023-01-12 20:03:38,864: 35
2023-01-12 20:03:38,864: 1900
2023-01-12 20:03:38,864: house
2023-01-12 20:03:38,864: Reddy
2023-01-12 20:03:38,864: 2023-01-12
2023-01-12 20:03:39,611: some exception occurred while parsing the prop
2023-01-12 20:03:39,611: ##########################################################################################
2023-01-12 20:03:39,616: 7927 Fijian, Cypress, TX 77433
2023-01-12 20:03:39,616: 2394
2023-01-12 20:03:39,617: 4
2023-01-12 20:03:39,617: 35
2023-01-12 20:03:39,617: 1900
2023-01-12 20:03:39,617: house
2023-01-12 20:03:39,617: Reddy
2023-01-12 20:03:39,617: 2023-01-12
2023-01-12 20:03:40,388: some exception occurred while parsing the prop
2023-01-12 20:03:40,388: ##########################################################################################
2023-01-12 20:03:40,392: 7951 Fijian, Cypress, TX 77433
2023-01-12 20:03:40,393: 2394
2023-01-12 20:03:40,393: 4
2023-01-12 20:03:40,393: 35
2023-01-12 20:03:40,393: 1900
2023-01-12 20:03:40,393: house
2023-01-12 20:03:40,393: Reddy
2023-01-12 20:03:40,393: 2023-01-12
2023-01-12 20:03:41,176: some exception occurred while parsing the prop
2023-01-12 20:03:41,177: ##########################################################################################
2023-01-12 20:03:41,180: 7915 Fijian, Cypress, TX 77433
2023-01-12 20:03:41,180: 2449
2023-01-12 20:03:41,180: 4
2023-01-12 20:03:41,180: 35
2023-01-12 20:03:41,180: 1900
2023-01-12 20:03:41,180: house
2023-01-12 20:03:41,180: Reddy
2023-01-12 20:03:41,180: 2023-01-12
2023-01-12 20:03:41,917: some exception occurred while parsing the prop
2023-01-12 20:03:41,917: ##########################################################################################
2023-01-12 20:03:41,920: 26721 Frost Dr, Magnolia, TX 77355
2023-01-12 20:03:41,921: 1774
2023-01-12 20:03:41,921: 4
2023-01-12 20:03:41,921: 2
2023-01-12 20:03:41,921: 1787
2023-01-12 20:03:41,921: house
2023-01-12 20:03:41,921: Reddy
2023-01-12 20:03:41,921: 2023-01-12
2023-01-12 20:03:42,659: some exception occurred while parsing the prop
2023-01-12 20:03:42,661: ##########################################################################################
2023-01-12 20:03:42,664: 26828 Steinbeck Dr, Magnolia, TX 77355
2023-01-12 20:03:42,664: 1774
2023-01-12 20:03:42,664: 4
2023-01-12 20:03:42,664: 2
2023-01-12 20:03:42,665: 1787
2023-01-12 20:03:42,665: house
2023-01-12 20:03:42,665: Reddy
2023-01-12 20:03:42,665: 2023-01-12
2023-01-12 20:03:43,426: some exception occurred while parsing the prop
2023-01-12 20:03:43,426: ##########################################################################################
